# JRE version: Java(TM) SE Runtime Environment (8.0_45-b14) (build 1.8.0_45-b14)
# Java VM: Java HotSpot(TM) 64-Bit Server VM (25.45-b02 mixed mode bsd-amd64 compressed oops)
Heap:
 PSYoungGen      total 292864K, used 83850K [0x00000007aab00000, 0x00000007bda80000, 0x00000007c0000000)
  eden space 275968K, 30% used [0x00000007aab00000,0x00000007afce2988,0x00000007bb880000)
  from space 16896K, 0% used [0x00000007bca00000,0x00000007bca00000,0x00000007bda80000)
  to   space 17408K, 0% used [0x00000007bb880000,0x00000007bb880000,0x00000007bc980000)
 ParOldGen       total 83456K, used 57222K [0x0000000780000000, 0x0000000785180000, 0x00000007aab00000)
  object space 83456K, 68% used [0x0000000780000000,0x00000007837e18c8,0x0000000785180000)
 Metaspace       used 62661K, capacity 70124K, committed 70744K, reserved 1110016K
  class space    used 8192K, capacity 10371K, committed 10624K, reserved 1048576K
GC Heap History (10 events):
Event: 10530.000 GC heap before
{Heap before GC invocations=73 (full 25):
 PSYoungGen      total 293376K, used 1799K [0x00000007aab00000, 0x00000007bdb80000, 0x00000007c0000000)
  eden space 275968K, 0% used [0x00000007aab00000,0x00000007aab00000,0x00000007bb880000)
  from space 17408K, 10% used [0x00000007bca80000,0x00000007bcc41e50,0x00000007bdb80000)
  to   space 17920K, 0% used [0x00000007bb880000,0x00000007bb880000,0x00000007bca00000)
 ParOldGen       total 83456K, used 59690K [0x0000000780000000, 0x0000000785180000, 0x00000007aab00000)
  object space 83456K, 71% used [0x0000000780000000,0x0000000783a4ab10,0x0000000785180000)
 Metaspace       used 62204K, capacity 69018K, committed 70360K, reserved 1110016K
  class space    used 8110K, capacity 10163K, committed 10496K, reserved 1048576K
Event: 10530.403 GC heap after
Heap after GC invocations=73 (full 25):
 PSYoungGen      total 293376K, used 0K [0x00000007aab00000, 0x00000007bdb80000, 0x00000007c0000000)
  eden space 275968K, 0% used [0x00000007aab00000,0x00000007aab00000,0x00000007bb880000)
  from space 17408K, 0% used [0x00000007bca80000,0x00000007bca80000,0x00000007bdb80000)
  to   space 17920K, 0% used [0x00000007bb880000,0x00000007bb880000,0x00000007bca00000)
 ParOldGen       total 83456K, used 57345K [0x0000000780000000, 0x0000000785180000, 0x00000007aab00000)
  object space 83456K, 68% used [0x0000000780000000,0x0000000783800448,0x0000000785180000)
 Metaspace       used 62103K, capacity 68856K, committed 70360K, reserved 1110016K
  class space    used 8095K, capacity 10136K, committed 10496K, reserved 1048576K
}
Event: 10671.678 GC heap before
{Heap before GC invocations=74 (full 25):
 PSYoungGen      total 293376K, used 95274K [0x00000007aab00000, 0x00000007bdb80000, 0x00000007c0000000)
  eden space 275968K, 34% used [0x00000007aab00000,0x00000007b080aa40,0x00000007bb880000)
  from space 17408K, 0% used [0x00000007bca80000,0x00000007bca80000,0x00000007bdb80000)
  to   space 17920K, 0% used [0x00000007bb880000,0x00000007bb880000,0x00000007bca00000)
 ParOldGen       total 83456K, used 57345K [0x0000000780000000, 0x0000000785180000, 0x00000007aab00000)
  object space 83456K, 68% used [0x0000000780000000,0x0000000783800448,0x0000000785180000)
 Metaspace       used 62527K, capacity 69820K, committed 70360K, reserved 1110016K
  class space    used 8175K, capacity 10301K, committed 10496K, reserved 1048576K
Event: 10671.684 GC heap after
Heap after GC invocations=74 (full 25):
 PSYoungGen      total 293888K, used 1360K [0x00000007aab00000, 0x00000007bdb80000, 0x00000007c0000000)
  eden space 275968K, 0% used [0x00000007aab00000,0x00000007aab00000,0x00000007bb880000)
  from space 17920K, 7% used [0x00000007bb880000,0x00000007bb9d4010,0x00000007bca00000)
  to   space 17920K, 0% used [0x00000007bca00000,0x00000007bca00000,0x00000007bdb80000)
 ParOldGen       total 83456K, used 57353K [0x0000000780000000, 0x0000000785180000, 0x00000007aab00000)
  object space 83456K, 68% used [0x0000000780000000,0x0000000783802448,0x0000000785180000)
 Metaspace       used 62527K, capacity 69820K, committed 70360K, reserved 1110016K
  class space    used 8175K, capacity 10301K, committed 10496K, reserved 1048576K
}
Event: 10671.684 GC heap before
{Heap before GC invocations=75 (full 26):
 PSYoungGen      total 293888K, used 1360K [0x00000007aab00000, 0x00000007bdb80000, 0x00000007c0000000)
  eden space 275968K, 0% used [0x00000007aab00000,0x00000007aab00000,0x00000007bb880000)
  from space 17920K, 7% used [0x00000007bb880000,0x00000007bb9d4010,0x00000007bca00000)
  to   space 17920K, 0% used [0x00000007bca00000,0x00000007bca00000,0x00000007bdb80000)
 ParOldGen       total 83456K, used 57353K [0x0000000780000000, 0x0000000785180000, 0x00000007aab00000)
  object space 83456K, 68% used [0x0000000780000000,0x0000000783802448,0x0000000785180000)
 Metaspace       used 62527K, capacity 69820K, committed 70360K, reserved 1110016K
  class space    used 8175K, capacity 10301K, committed 10496K, reserved 1048576K
Event: 10671.984 GC heap after
Heap after GC invocations=75 (full 26):
 PSYoungGen      total 293888K, used 0K [0x00000007aab00000, 0x00000007bdb80000, 0x00000007c0000000)
  eden space 275968K, 0% used [0x00000007aab00000,0x00000007aab00000,0x00000007bb880000)
  from space 17920K, 0% used [0x00000007bb880000,0x00000007bb880000,0x00000007bca00000)
  to   space 17920K, 0% used [0x00000007bca00000,0x00000007bca00000,0x00000007bdb80000)
 ParOldGen       total 83456K, used 57300K [0x0000000780000000, 0x0000000785180000, 0x00000007aab00000)
  object space 83456K, 68% used [0x0000000780000000,0x00000007837f5158,0x0000000785180000)
 Metaspace       used 62527K, capacity 69820K, committed 70360K, reserved 1110016K
  class space    used 8175K, capacity 10301K, committed 10496K, reserved 1048576K
}
Event: 10820.378 GC heap before
{Heap before GC invocations=76 (full 26):
 PSYoungGen      total 293888K, used 107511K [0x00000007aab00000, 0x00000007bdb80000, 0x00000007c0000000)
  eden space 275968K, 38% used [0x00000007aab00000,0x00000007b13fdd60,0x00000007bb880000)
  from space 17920K, 0% used [0x00000007bb880000,0x00000007bb880000,0x00000007bca00000)
  to   space 17920K, 0% used [0x00000007bca00000,0x00000007bca00000,0x00000007bdb80000)
 ParOldGen       total 83456K, used 57300K [0x0000000780000000, 0x0000000785180000, 0x00000007aab00000)
  object space 83456K, 68% used [0x0000000780000000,0x00000007837f5158,0x0000000785180000)
 Metaspace       used 62599K, capacity 69946K, committed 70744K, reserved 1110016K
  class space    used 8184K, capacity 10337K, committed 10624K, reserved 1048576K
Event: 10820.384 GC heap after
Heap after GC invocations=76 (full 26):
 PSYoungGen      total 292864K, used 1456K [0x00000007aab00000, 0x00000007bda80000, 0x00000007c0000000)
  eden space 275968K, 0% used [0x00000007aab00000,0x00000007aab00000,0x00000007bb880000)
  from space 16896K, 8% used [0x00000007bca00000,0x00000007bcb6c010,0x00000007bda80000)
  to   space 17408K, 0% used [0x00000007bb880000,0x00000007bb880000,0x00000007bc980000)
 ParOldGen       total 83456K, used 57308K [0x0000000780000000, 0x0000000785180000, 0x00000007aab00000)
  object space 83456K, 68% used [0x0000000780000000,0x00000007837f7158,0x0000000785180000)
 Metaspace       used 62599K, capacity 69946K, committed 70744K, reserved 1110016K
  class space    used 8184K, capacity 10337K, committed 10624K, reserved 1048576K
}
Event: 10820.384 GC heap before
{Heap before GC invocations=77 (full 27):
 PSYoungGen      total 292864K, used 1456K [0x00000007aab00000, 0x00000007bda80000, 0x00000007c0000000)
  eden space 275968K, 0% used [0x00000007aab00000,0x00000007aab00000,0x00000007bb880000)
  from space 16896K, 8% used [0x00000007bca00000,0x00000007bcb6c010,0x00000007bda80000)
  to   space 17408K, 0% used [0x00000007bb880000,0x00000007bb880000,0x00000007bc980000)
 ParOldGen       total 83456K, used 57308K [0x0000000780000000, 0x0000000785180000, 0x00000007aab00000)
  object space 83456K, 68% used [0x0000000780000000,0x00000007837f7158,0x0000000785180000)
 Metaspace       used 62599K, capacity 69946K, committed 70744K, reserved 1110016K
  class space    used 8184K, capacity 10337K, committed 10624K, reserved 1048576K
Event: 10820.700 GC heap after
Heap after GC invocations=77 (full 27):
 PSYoungGen      total 292864K, used 0K [0x00000007aab00000, 0x00000007bda80000, 0x00000007c0000000)
  eden space 275968K, 0% used [0x00000007aab00000,0x00000007aab00000,0x00000007bb880000)
  from space 16896K, 0% used [0x00000007bca00000,0x00000007bca00000,0x00000007bda80000)
  to   space 17408K, 0% used [0x00000007bb880000,0x00000007bb880000,0x00000007bc980000)
 ParOldGen       total 83456K, used 57222K [0x0000000780000000, 0x0000000785180000, 0x00000007aab00000)
  object space 83456K, 68% used [0x0000000780000000,0x00000007837e18c8,0x0000000785180000)
 Metaspace       used 62599K, capacity 69946K, committed 70744K, reserved 1110016K
  class space    used 8184K, capacity 10337K, committed 10624K, reserved 1048576K
}

